Copyright 1986-2022 Xilinx, Inc. All Rights Reserved. Copyright 2022-2023 Advanced Micro Devices, Inc. All Rights Reserved.
--------------------------------------------------------------------------------------------------------------------------------------------------------------------
| Tool Version : Vivado v.2023.2 (win64) Build 4029153 Fri Oct 13 20:14:34 MDT 2023
| Date         : Tue Jul 29 21:04:57 2025
| Host         : LAPTOP-3T4U0UNN running 64-bit major release  (build 9200)
| Command      : report_methodology -file SPA_top_v3_methodology_drc_routed.rpt -pb SPA_top_v3_methodology_drc_routed.pb -rpx SPA_top_v3_methodology_drc_routed.rpx
| Design       : SPA_top_v3
| Device       : xc7z020clg484-1
| Speed File   : -1
| Design State : Fully Routed
--------------------------------------------------------------------------------------------------------------------------------------------------------------------

Report Methodology

Table of Contents
-----------------
1. REPORT SUMMARY
2. REPORT DETAILS

1. REPORT SUMMARY
-----------------
            Netlist: netlist
          Floorplan: design_1
      Design limits: <entire design considered>
             Max violations: <unlimited>
             Violations found: 279
+-----------+----------+-------------------------------------------+------------+
| Rule      | Severity | Description                               | Violations |
+-----------+----------+-------------------------------------------+------------+
| TIMING-18 | Warning  | Missing input or output delay             | 50         |
| TIMING-20 | Warning  | Non-clocked latch                         | 227        |
| ULMTCS-2  | Warning  | Control Sets use limits require reduction | 1          |
| LATCH-1   | Advisory | Existing latches in the design            | 1          |
+-----------+----------+-------------------------------------------+------------+

2. REPORT DETAILS
-----------------
TIMING-18#1 Warning
Missing input or output delay  
An input delay is missing on llr_data[0] relative to the rising and/or falling clock edge(s) of sys_clk_pin.
Related violations: <none>

TIMING-18#2 Warning
Missing input or output delay  
An input delay is missing on llr_data[10] relative to the rising and/or falling clock edge(s) of sys_clk_pin.
Related violations: <none>

TIMING-18#3 Warning
Missing input or output delay  
An input delay is missing on llr_data[11] relative to the rising and/or falling clock edge(s) of sys_clk_pin.
Related violations: <none>

TIMING-18#4 Warning
Missing input or output delay  
An input delay is missing on llr_data[12] relative to the rising and/or falling clock edge(s) of sys_clk_pin.
Related violations: <none>

TIMING-18#5 Warning
Missing input or output delay  
An input delay is missing on llr_data[13] relative to the rising and/or falling clock edge(s) of sys_clk_pin.
Related violations: <none>

TIMING-18#6 Warning
Missing input or output delay  
An input delay is missing on llr_data[14] relative to the rising and/or falling clock edge(s) of sys_clk_pin.
Related violations: <none>

TIMING-18#7 Warning
Missing input or output delay  
An input delay is missing on llr_data[15] relative to the rising and/or falling clock edge(s) of sys_clk_pin.
Related violations: <none>

TIMING-18#8 Warning
Missing input or output delay  
An input delay is missing on llr_data[1] relative to the rising and/or falling clock edge(s) of sys_clk_pin.
Related violations: <none>

TIMING-18#9 Warning
Missing input or output delay  
An input delay is missing on llr_data[2] relative to the rising and/or falling clock edge(s) of sys_clk_pin.
Related violations: <none>

TIMING-18#10 Warning
Missing input or output delay  
An input delay is missing on llr_data[3] relative to the rising and/or falling clock edge(s) of sys_clk_pin.
Related violations: <none>

TIMING-18#11 Warning
Missing input or output delay  
An input delay is missing on llr_data[4] relative to the rising and/or falling clock edge(s) of sys_clk_pin.
Related violations: <none>

TIMING-18#12 Warning
Missing input or output delay  
An input delay is missing on llr_data[5] relative to the rising and/or falling clock edge(s) of sys_clk_pin.
Related violations: <none>

TIMING-18#13 Warning
Missing input or output delay  
An input delay is missing on llr_data[6] relative to the rising and/or falling clock edge(s) of sys_clk_pin.
Related violations: <none>

TIMING-18#14 Warning
Missing input or output delay  
An input delay is missing on llr_data[7] relative to the rising and/or falling clock edge(s) of sys_clk_pin.
Related violations: <none>

TIMING-18#15 Warning
Missing input or output delay  
An input delay is missing on llr_data[8] relative to the rising and/or falling clock edge(s) of sys_clk_pin.
Related violations: <none>

TIMING-18#16 Warning
Missing input or output delay  
An input delay is missing on llr_data[9] relative to the rising and/or falling clock edge(s) of sys_clk_pin.
Related violations: <none>

TIMING-18#17 Warning
Missing input or output delay  
An input delay is missing on rst_btn relative to the rising and/or falling clock edge(s) of sys_clk_pin.
Related violations: <none>

TIMING-18#18 Warning
Missing input or output delay  
An input delay is missing on start_btn relative to the rising and/or falling clock edge(s) of sys_clk_pin.
Related violations: <none>

TIMING-18#19 Warning
Missing input or output delay  
An output delay is missing on itr[0] relative to the rising and/or falling clock edge(s) of sys_clk_pin.
Related violations: <none>

TIMING-18#20 Warning
Missing input or output delay  
An output delay is missing on itr[1] relative to the rising and/or falling clock edge(s) of sys_clk_pin.
Related violations: <none>

TIMING-18#21 Warning
Missing input or output delay  
An output delay is missing on itr[2] relative to the rising and/or falling clock edge(s) of sys_clk_pin.
Related violations: <none>

TIMING-18#22 Warning
Missing input or output delay  
An output delay is missing on itr[3] relative to the rising and/or falling clock edge(s) of sys_clk_pin.
Related violations: <none>

TIMING-18#23 Warning
Missing input or output delay  
An output delay is missing on itr[4] relative to the rising and/or falling clock edge(s) of sys_clk_pin.
Related violations: <none>

TIMING-18#24 Warning
Missing input or output delay  
An output delay is missing on led0_r relative to the rising and/or falling clock edge(s) of sys_clk_pin.
Related violations: <none>

TIMING-18#25 Warning
Missing input or output delay  
An output delay is missing on llr_addr[0] relative to the rising and/or falling clock edge(s) of sys_clk_pin.
Related violations: <none>

TIMING-18#26 Warning
Missing input or output delay  
An output delay is missing on llr_addr[10] relative to the rising and/or falling clock edge(s) of sys_clk_pin.
Related violations: <none>

TIMING-18#27 Warning
Missing input or output delay  
An output delay is missing on llr_addr[11] relative to the rising and/or falling clock edge(s) of sys_clk_pin.
Related violations: <none>

TIMING-18#28 Warning
Missing input or output delay  
An output delay is missing on llr_addr[1] relative to the rising and/or falling clock edge(s) of sys_clk_pin.
Related violations: <none>

TIMING-18#29 Warning
Missing input or output delay  
An output delay is missing on llr_addr[2] relative to the rising and/or falling clock edge(s) of sys_clk_pin.
Related violations: <none>

TIMING-18#30 Warning
Missing input or output delay  
An output delay is missing on llr_addr[3] relative to the rising and/or falling clock edge(s) of sys_clk_pin.
Related violations: <none>

TIMING-18#31 Warning
Missing input or output delay  
An output delay is missing on llr_addr[4] relative to the rising and/or falling clock edge(s) of sys_clk_pin.
Related violations: <none>

TIMING-18#32 Warning
Missing input or output delay  
An output delay is missing on llr_addr[5] relative to the rising and/or falling clock edge(s) of sys_clk_pin.
Related violations: <none>

TIMING-18#33 Warning
Missing input or output delay  
An output delay is missing on llr_addr[6] relative to the rising and/or falling clock edge(s) of sys_clk_pin.
Related violations: <none>

TIMING-18#34 Warning
Missing input or output delay  
An output delay is missing on llr_addr[7] relative to the rising and/or falling clock edge(s) of sys_clk_pin.
Related violations: <none>

TIMING-18#35 Warning
Missing input or output delay  
An output delay is missing on llr_addr[8] relative to the rising and/or falling clock edge(s) of sys_clk_pin.
Related violations: <none>

TIMING-18#36 Warning
Missing input or output delay  
An output delay is missing on llr_addr[9] relative to the rising and/or falling clock edge(s) of sys_clk_pin.
Related violations: <none>

TIMING-18#37 Warning
Missing input or output delay  
An output delay is missing on out_addr[0] relative to the rising and/or falling clock edge(s) of sys_clk_pin.
Related violations: <none>

TIMING-18#38 Warning
Missing input or output delay  
An output delay is missing on out_addr[10] relative to the rising and/or falling clock edge(s) of sys_clk_pin.
Related violations: <none>

TIMING-18#39 Warning
Missing input or output delay  
An output delay is missing on out_addr[11] relative to the rising and/or falling clock edge(s) of sys_clk_pin.
Related violations: <none>

TIMING-18#40 Warning
Missing input or output delay  
An output delay is missing on out_addr[1] relative to the rising and/or falling clock edge(s) of sys_clk_pin.
Related violations: <none>

TIMING-18#41 Warning
Missing input or output delay  
An output delay is missing on out_addr[2] relative to the rising and/or falling clock edge(s) of sys_clk_pin.
Related violations: <none>

TIMING-18#42 Warning
Missing input or output delay  
An output delay is missing on out_addr[3] relative to the rising and/or falling clock edge(s) of sys_clk_pin.
Related violations: <none>

TIMING-18#43 Warning
Missing input or output delay  
An output delay is missing on out_addr[4] relative to the rising and/or falling clock edge(s) of sys_clk_pin.
Related violations: <none>

TIMING-18#44 Warning
Missing input or output delay  
An output delay is missing on out_addr[5] relative to the rising and/or falling clock edge(s) of sys_clk_pin.
Related violations: <none>

TIMING-18#45 Warning
Missing input or output delay  
An output delay is missing on out_addr[6] relative to the rising and/or falling clock edge(s) of sys_clk_pin.
Related violations: <none>

TIMING-18#46 Warning
Missing input or output delay  
An output delay is missing on out_addr[7] relative to the rising and/or falling clock edge(s) of sys_clk_pin.
Related violations: <none>

TIMING-18#47 Warning
Missing input or output delay  
An output delay is missing on out_addr[8] relative to the rising and/or falling clock edge(s) of sys_clk_pin.
Related violations: <none>

TIMING-18#48 Warning
Missing input or output delay  
An output delay is missing on out_addr[9] relative to the rising and/or falling clock edge(s) of sys_clk_pin.
Related violations: <none>

TIMING-18#49 Warning
Missing input or output delay  
An output delay is missing on out_data relative to the rising and/or falling clock edge(s) of sys_clk_pin.
Related violations: <none>

TIMING-18#50 Warning
Missing input or output delay  
An output delay is missing on out_ready relative to the rising and/or falling clock edge(s) of sys_clk_pin.
Related violations: <none>

TIMING-20#1 Warning
Non-clocked latch  
The latch Lij_read_data_reg[0] cannot be properly analyzed as its control pin Lij_read_data_reg[0]/G is not reached by a timing clock
Related violations: <none>

TIMING-20#2 Warning
Non-clocked latch  
The latch Lij_read_data_reg[10] cannot be properly analyzed as its control pin Lij_read_data_reg[10]/G is not reached by a timing clock
Related violations: <none>

TIMING-20#3 Warning
Non-clocked latch  
The latch Lij_read_data_reg[11] cannot be properly analyzed as its control pin Lij_read_data_reg[11]/G is not reached by a timing clock
Related violations: <none>

TIMING-20#4 Warning
Non-clocked latch  
The latch Lij_read_data_reg[12] cannot be properly analyzed as its control pin Lij_read_data_reg[12]/G is not reached by a timing clock
Related violations: <none>

TIMING-20#5 Warning
Non-clocked latch  
The latch Lij_read_data_reg[13] cannot be properly analyzed as its control pin Lij_read_data_reg[13]/G is not reached by a timing clock
Related violations: <none>

TIMING-20#6 Warning
Non-clocked latch  
The latch Lij_read_data_reg[14] cannot be properly analyzed as its control pin Lij_read_data_reg[14]/G is not reached by a timing clock
Related violations: <none>

TIMING-20#7 Warning
Non-clocked latch  
The latch Lij_read_data_reg[15] cannot be properly analyzed as its control pin Lij_read_data_reg[15]/G is not reached by a timing clock
Related violations: <none>

TIMING-20#8 Warning
Non-clocked latch  
The latch Lij_read_data_reg[1] cannot be properly analyzed as its control pin Lij_read_data_reg[1]/G is not reached by a timing clock
Related violations: <none>

TIMING-20#9 Warning
Non-clocked latch  
The latch Lij_read_data_reg[2] cannot be properly analyzed as its control pin Lij_read_data_reg[2]/G is not reached by a timing clock
Related violations: <none>

TIMING-20#10 Warning
Non-clocked latch  
The latch Lij_read_data_reg[3] cannot be properly analyzed as its control pin Lij_read_data_reg[3]/G is not reached by a timing clock
Related violations: <none>

TIMING-20#11 Warning
Non-clocked latch  
The latch Lij_read_data_reg[4] cannot be properly analyzed as its control pin Lij_read_data_reg[4]/G is not reached by a timing clock
Related violations: <none>

TIMING-20#12 Warning
Non-clocked latch  
The latch Lij_read_data_reg[5] cannot be properly analyzed as its control pin Lij_read_data_reg[5]/G is not reached by a timing clock
Related violations: <none>

TIMING-20#13 Warning
Non-clocked latch  
The latch Lij_read_data_reg[6] cannot be properly analyzed as its control pin Lij_read_data_reg[6]/G is not reached by a timing clock
Related violations: <none>

TIMING-20#14 Warning
Non-clocked latch  
The latch Lij_read_data_reg[7] cannot be properly analyzed as its control pin Lij_read_data_reg[7]/G is not reached by a timing clock
Related violations: <none>

TIMING-20#15 Warning
Non-clocked latch  
The latch Lij_read_data_reg[8] cannot be properly analyzed as its control pin Lij_read_data_reg[8]/G is not reached by a timing clock
Related violations: <none>

TIMING-20#16 Warning
Non-clocked latch  
The latch Lij_read_data_reg[9] cannot be properly analyzed as its control pin Lij_read_data_reg[9]/G is not reached by a timing clock
Related violations: <none>

TIMING-20#17 Warning
Non-clocked latch  
The latch cn_done_latch_reg cannot be properly analyzed as its control pin cn_done_latch_reg/G is not reached by a timing clock
Related violations: <none>

TIMING-20#18 Warning
Non-clocked latch  
The latch lij_comb_wr_data_reg[0] cannot be properly analyzed as its control pin lij_comb_wr_data_reg[0]/G is not reached by a timing clock
Related violations: <none>

TIMING-20#19 Warning
Non-clocked latch  
The latch lij_comb_wr_data_reg[10] cannot be properly analyzed as its control pin lij_comb_wr_data_reg[10]/G is not reached by a timing clock
Related violations: <none>

TIMING-20#20 Warning
Non-clocked latch  
The latch lij_comb_wr_data_reg[11] cannot be properly analyzed as its control pin lij_comb_wr_data_reg[11]/G is not reached by a timing clock
Related violations: <none>

TIMING-20#21 Warning
Non-clocked latch  
The latch lij_comb_wr_data_reg[12] cannot be properly analyzed as its control pin lij_comb_wr_data_reg[12]/G is not reached by a timing clock
Related violations: <none>

TIMING-20#22 Warning
Non-clocked latch  
The latch lij_comb_wr_data_reg[13] cannot be properly analyzed as its control pin lij_comb_wr_data_reg[13]/G is not reached by a timing clock
Related violations: <none>

TIMING-20#23 Warning
Non-clocked latch  
The latch lij_comb_wr_data_reg[14] cannot be properly analyzed as its control pin lij_comb_wr_data_reg[14]/G is not reached by a timing clock
Related violations: <none>

TIMING-20#24 Warning
Non-clocked latch  
The latch lij_comb_wr_data_reg[15] cannot be properly analyzed as its control pin lij_comb_wr_data_reg[15]/G is not reached by a timing clock
Related violations: <none>

TIMING-20#25 Warning
Non-clocked latch  
The latch lij_comb_wr_data_reg[16] cannot be properly analyzed as its control pin lij_comb_wr_data_reg[16]/G is not reached by a timing clock
Related violations: <none>

TIMING-20#26 Warning
Non-clocked latch  
The latch lij_comb_wr_data_reg[17] cannot be properly analyzed as its control pin lij_comb_wr_data_reg[17]/G is not reached by a timing clock
Related violations: <none>

TIMING-20#27 Warning
Non-clocked latch  
The latch lij_comb_wr_data_reg[18] cannot be properly analyzed as its control pin lij_comb_wr_data_reg[18]/G is not reached by a timing clock
Related violations: <none>

TIMING-20#28 Warning
Non-clocked latch  
The latch lij_comb_wr_data_reg[19] cannot be properly analyzed as its control pin lij_comb_wr_data_reg[19]/G is not reached by a timing clock
Related violations: <none>

TIMING-20#29 Warning
Non-clocked latch  
The latch lij_comb_wr_data_reg[1] cannot be properly analyzed as its control pin lij_comb_wr_data_reg[1]/G is not reached by a timing clock
Related violations: <none>

TIMING-20#30 Warning
Non-clocked latch  
The latch lij_comb_wr_data_reg[20] cannot be properly analyzed as its control pin lij_comb_wr_data_reg[20]/G is not reached by a timing clock
Related violations: <none>

TIMING-20#31 Warning
Non-clocked latch  
The latch lij_comb_wr_data_reg[21] cannot be properly analyzed as its control pin lij_comb_wr_data_reg[21]/G is not reached by a timing clock
Related violations: <none>

TIMING-20#32 Warning
Non-clocked latch  
The latch lij_comb_wr_data_reg[22] cannot be properly analyzed as its control pin lij_comb_wr_data_reg[22]/G is not reached by a timing clock
Related violations: <none>

TIMING-20#33 Warning
Non-clocked latch  
The latch lij_comb_wr_data_reg[23] cannot be properly analyzed as its control pin lij_comb_wr_data_reg[23]/G is not reached by a timing clock
Related violations: <none>

TIMING-20#34 Warning
Non-clocked latch  
The latch lij_comb_wr_data_reg[24] cannot be properly analyzed as its control pin lij_comb_wr_data_reg[24]/G is not reached by a timing clock
Related violations: <none>

TIMING-20#35 Warning
Non-clocked latch  
The latch lij_comb_wr_data_reg[25] cannot be properly analyzed as its control pin lij_comb_wr_data_reg[25]/G is not reached by a timing clock
Related violations: <none>

TIMING-20#36 Warning
Non-clocked latch  
The latch lij_comb_wr_data_reg[26] cannot be properly analyzed as its control pin lij_comb_wr_data_reg[26]/G is not reached by a timing clock
Related violations: <none>

TIMING-20#37 Warning
Non-clocked latch  
The latch lij_comb_wr_data_reg[27] cannot be properly analyzed as its control pin lij_comb_wr_data_reg[27]/G is not reached by a timing clock
Related violations: <none>

TIMING-20#38 Warning
Non-clocked latch  
The latch lij_comb_wr_data_reg[28] cannot be properly analyzed as its control pin lij_comb_wr_data_reg[28]/G is not reached by a timing clock
Related violations: <none>

TIMING-20#39 Warning
Non-clocked latch  
The latch lij_comb_wr_data_reg[29] cannot be properly analyzed as its control pin lij_comb_wr_data_reg[29]/G is not reached by a timing clock
Related violations: <none>

TIMING-20#40 Warning
Non-clocked latch  
The latch lij_comb_wr_data_reg[2] cannot be properly analyzed as its control pin lij_comb_wr_data_reg[2]/G is not reached by a timing clock
Related violations: <none>

TIMING-20#41 Warning
Non-clocked latch  
The latch lij_comb_wr_data_reg[30] cannot be properly analyzed as its control pin lij_comb_wr_data_reg[30]/G is not reached by a timing clock
Related violations: <none>

TIMING-20#42 Warning
Non-clocked latch  
The latch lij_comb_wr_data_reg[31] cannot be properly analyzed as its control pin lij_comb_wr_data_reg[31]/G is not reached by a timing clock
Related violations: <none>

TIMING-20#43 Warning
Non-clocked latch  
The latch lij_comb_wr_data_reg[32] cannot be properly analyzed as its control pin lij_comb_wr_data_reg[32]/G is not reached by a timing clock
Related violations: <none>

TIMING-20#44 Warning
Non-clocked latch  
The latch lij_comb_wr_data_reg[33] cannot be properly analyzed as its control pin lij_comb_wr_data_reg[33]/G is not reached by a timing clock
Related violations: <none>

TIMING-20#45 Warning
Non-clocked latch  
The latch lij_comb_wr_data_reg[34] cannot be properly analyzed as its control pin lij_comb_wr_data_reg[34]/G is not reached by a timing clock
Related violations: <none>

TIMING-20#46 Warning
Non-clocked latch  
The latch lij_comb_wr_data_reg[35] cannot be properly analyzed as its control pin lij_comb_wr_data_reg[35]/G is not reached by a timing clock
Related violations: <none>

TIMING-20#47 Warning
Non-clocked latch  
The latch lij_comb_wr_data_reg[36] cannot be properly analyzed as its control pin lij_comb_wr_data_reg[36]/G is not reached by a timing clock
Related violations: <none>

TIMING-20#48 Warning
Non-clocked latch  
The latch lij_comb_wr_data_reg[37] cannot be properly analyzed as its control pin lij_comb_wr_data_reg[37]/G is not reached by a timing clock
Related violations: <none>

TIMING-20#49 Warning
Non-clocked latch  
The latch lij_comb_wr_data_reg[38] cannot be properly analyzed as its control pin lij_comb_wr_data_reg[38]/G is not reached by a timing clock
Related violations: <none>

TIMING-20#50 Warning
Non-clocked latch  
The latch lij_comb_wr_data_reg[39] cannot be properly analyzed as its control pin lij_comb_wr_data_reg[39]/G is not reached by a timing clock
Related violations: <none>

TIMING-20#51 Warning
Non-clocked latch  
The latch lij_comb_wr_data_reg[3] cannot be properly analyzed as its control pin lij_comb_wr_data_reg[3]/G is not reached by a timing clock
Related violations: <none>

TIMING-20#52 Warning
Non-clocked latch  
The latch lij_comb_wr_data_reg[40] cannot be properly analyzed as its control pin lij_comb_wr_data_reg[40]/G is not reached by a timing clock
Related violations: <none>

TIMING-20#53 Warning
Non-clocked latch  
The latch lij_comb_wr_data_reg[41] cannot be properly analyzed as its control pin lij_comb_wr_data_reg[41]/G is not reached by a timing clock
Related violations: <none>

TIMING-20#54 Warning
Non-clocked latch  
The latch lij_comb_wr_data_reg[42] cannot be properly analyzed as its control pin lij_comb_wr_data_reg[42]/G is not reached by a timing clock
Related violations: <none>

TIMING-20#55 Warning
Non-clocked latch  
The latch lij_comb_wr_data_reg[43] cannot be properly analyzed as its control pin lij_comb_wr_data_reg[43]/G is not reached by a timing clock
Related violations: <none>

TIMING-20#56 Warning
Non-clocked latch  
The latch lij_comb_wr_data_reg[44] cannot be properly analyzed as its control pin lij_comb_wr_data_reg[44]/G is not reached by a timing clock
Related violations: <none>

TIMING-20#57 Warning
Non-clocked latch  
The latch lij_comb_wr_data_reg[45] cannot be properly analyzed as its control pin lij_comb_wr_data_reg[45]/G is not reached by a timing clock
Related violations: <none>

TIMING-20#58 Warning
Non-clocked latch  
The latch lij_comb_wr_data_reg[46] cannot be properly analyzed as its control pin lij_comb_wr_data_reg[46]/G is not reached by a timing clock
Related violations: <none>

TIMING-20#59 Warning
Non-clocked latch  
The latch lij_comb_wr_data_reg[47] cannot be properly analyzed as its control pin lij_comb_wr_data_reg[47]/G is not reached by a timing clock
Related violations: <none>

TIMING-20#60 Warning
Non-clocked latch  
The latch lij_comb_wr_data_reg[48] cannot be properly analyzed as its control pin lij_comb_wr_data_reg[48]/G is not reached by a timing clock
Related violations: <none>

TIMING-20#61 Warning
Non-clocked latch  
The latch lij_comb_wr_data_reg[49] cannot be properly analyzed as its control pin lij_comb_wr_data_reg[49]/G is not reached by a timing clock
Related violations: <none>

TIMING-20#62 Warning
Non-clocked latch  
The latch lij_comb_wr_data_reg[4] cannot be properly analyzed as its control pin lij_comb_wr_data_reg[4]/G is not reached by a timing clock
Related violations: <none>

TIMING-20#63 Warning
Non-clocked latch  
The latch lij_comb_wr_data_reg[50] cannot be properly analyzed as its control pin lij_comb_wr_data_reg[50]/G is not reached by a timing clock
Related violations: <none>

TIMING-20#64 Warning
Non-clocked latch  
The latch lij_comb_wr_data_reg[51] cannot be properly analyzed as its control pin lij_comb_wr_data_reg[51]/G is not reached by a timing clock
Related violations: <none>

TIMING-20#65 Warning
Non-clocked latch  
The latch lij_comb_wr_data_reg[52] cannot be properly analyzed as its control pin lij_comb_wr_data_reg[52]/G is not reached by a timing clock
Related violations: <none>

TIMING-20#66 Warning
Non-clocked latch  
The latch lij_comb_wr_data_reg[53] cannot be properly analyzed as its control pin lij_comb_wr_data_reg[53]/G is not reached by a timing clock
Related violations: <none>

TIMING-20#67 Warning
Non-clocked latch  
The latch lij_comb_wr_data_reg[54] cannot be properly analyzed as its control pin lij_comb_wr_data_reg[54]/G is not reached by a timing clock
Related violations: <none>

TIMING-20#68 Warning
Non-clocked latch  
The latch lij_comb_wr_data_reg[55] cannot be properly analyzed as its control pin lij_comb_wr_data_reg[55]/G is not reached by a timing clock
Related violations: <none>

TIMING-20#69 Warning
Non-clocked latch  
The latch lij_comb_wr_data_reg[56] cannot be properly analyzed as its control pin lij_comb_wr_data_reg[56]/G is not reached by a timing clock
Related violations: <none>

TIMING-20#70 Warning
Non-clocked latch  
The latch lij_comb_wr_data_reg[57] cannot be properly analyzed as its control pin lij_comb_wr_data_reg[57]/G is not reached by a timing clock
Related violations: <none>

TIMING-20#71 Warning
Non-clocked latch  
The latch lij_comb_wr_data_reg[58] cannot be properly analyzed as its control pin lij_comb_wr_data_reg[58]/G is not reached by a timing clock
Related violations: <none>

TIMING-20#72 Warning
Non-clocked latch  
The latch lij_comb_wr_data_reg[59] cannot be properly analyzed as its control pin lij_comb_wr_data_reg[59]/G is not reached by a timing clock
Related violations: <none>

TIMING-20#73 Warning
Non-clocked latch  
The latch lij_comb_wr_data_reg[5] cannot be properly analyzed as its control pin lij_comb_wr_data_reg[5]/G is not reached by a timing clock
Related violations: <none>

TIMING-20#74 Warning
Non-clocked latch  
The latch lij_comb_wr_data_reg[60] cannot be properly analyzed as its control pin lij_comb_wr_data_reg[60]/G is not reached by a timing clock
Related violations: <none>

TIMING-20#75 Warning
Non-clocked latch  
The latch lij_comb_wr_data_reg[61] cannot be properly analyzed as its control pin lij_comb_wr_data_reg[61]/G is not reached by a timing clock
Related violations: <none>

TIMING-20#76 Warning
Non-clocked latch  
The latch lij_comb_wr_data_reg[62] cannot be properly analyzed as its control pin lij_comb_wr_data_reg[62]/G is not reached by a timing clock
Related violations: <none>

TIMING-20#77 Warning
Non-clocked latch  
The latch lij_comb_wr_data_reg[63] cannot be properly analyzed as its control pin lij_comb_wr_data_reg[63]/G is not reached by a timing clock
Related violations: <none>

TIMING-20#78 Warning
Non-clocked latch  
The latch lij_comb_wr_data_reg[64] cannot be properly analyzed as its control pin lij_comb_wr_data_reg[64]/G is not reached by a timing clock
Related violations: <none>

TIMING-20#79 Warning
Non-clocked latch  
The latch lij_comb_wr_data_reg[65] cannot be properly analyzed as its control pin lij_comb_wr_data_reg[65]/G is not reached by a timing clock
Related violations: <none>

TIMING-20#80 Warning
Non-clocked latch  
The latch lij_comb_wr_data_reg[66] cannot be properly analyzed as its control pin lij_comb_wr_data_reg[66]/G is not reached by a timing clock
Related violations: <none>

TIMING-20#81 Warning
Non-clocked latch  
The latch lij_comb_wr_data_reg[67] cannot be properly analyzed as its control pin lij_comb_wr_data_reg[67]/G is not reached by a timing clock
Related violations: <none>

TIMING-20#82 Warning
Non-clocked latch  
The latch lij_comb_wr_data_reg[68] cannot be properly analyzed as its control pin lij_comb_wr_data_reg[68]/G is not reached by a timing clock
Related violations: <none>

TIMING-20#83 Warning
Non-clocked latch  
The latch lij_comb_wr_data_reg[69] cannot be properly analyzed as its control pin lij_comb_wr_data_reg[69]/G is not reached by a timing clock
Related violations: <none>

TIMING-20#84 Warning
Non-clocked latch  
The latch lij_comb_wr_data_reg[6] cannot be properly analyzed as its control pin lij_comb_wr_data_reg[6]/G is not reached by a timing clock
Related violations: <none>

TIMING-20#85 Warning
Non-clocked latch  
The latch lij_comb_wr_data_reg[70] cannot be properly analyzed as its control pin lij_comb_wr_data_reg[70]/G is not reached by a timing clock
Related violations: <none>

TIMING-20#86 Warning
Non-clocked latch  
The latch lij_comb_wr_data_reg[71] cannot be properly analyzed as its control pin lij_comb_wr_data_reg[71]/G is not reached by a timing clock
Related violations: <none>

TIMING-20#87 Warning
Non-clocked latch  
The latch lij_comb_wr_data_reg[72] cannot be properly analyzed as its control pin lij_comb_wr_data_reg[72]/G is not reached by a timing clock
Related violations: <none>

TIMING-20#88 Warning
Non-clocked latch  
The latch lij_comb_wr_data_reg[73] cannot be properly analyzed as its control pin lij_comb_wr_data_reg[73]/G is not reached by a timing clock
Related violations: <none>

TIMING-20#89 Warning
Non-clocked latch  
The latch lij_comb_wr_data_reg[74] cannot be properly analyzed as its control pin lij_comb_wr_data_reg[74]/G is not reached by a timing clock
Related violations: <none>

TIMING-20#90 Warning
Non-clocked latch  
The latch lij_comb_wr_data_reg[75] cannot be properly analyzed as its control pin lij_comb_wr_data_reg[75]/G is not reached by a timing clock
Related violations: <none>

TIMING-20#91 Warning
Non-clocked latch  
The latch lij_comb_wr_data_reg[76] cannot be properly analyzed as its control pin lij_comb_wr_data_reg[76]/G is not reached by a timing clock
Related violations: <none>

TIMING-20#92 Warning
Non-clocked latch  
The latch lij_comb_wr_data_reg[77] cannot be properly analyzed as its control pin lij_comb_wr_data_reg[77]/G is not reached by a timing clock
Related violations: <none>

TIMING-20#93 Warning
Non-clocked latch  
The latch lij_comb_wr_data_reg[78] cannot be properly analyzed as its control pin lij_comb_wr_data_reg[78]/G is not reached by a timing clock
Related violations: <none>

TIMING-20#94 Warning
Non-clocked latch  
The latch lij_comb_wr_data_reg[79] cannot be properly analyzed as its control pin lij_comb_wr_data_reg[79]/G is not reached by a timing clock
Related violations: <none>

TIMING-20#95 Warning
Non-clocked latch  
The latch lij_comb_wr_data_reg[7] cannot be properly analyzed as its control pin lij_comb_wr_data_reg[7]/G is not reached by a timing clock
Related violations: <none>

TIMING-20#96 Warning
Non-clocked latch  
The latch lij_comb_wr_data_reg[80] cannot be properly analyzed as its control pin lij_comb_wr_data_reg[80]/G is not reached by a timing clock
Related violations: <none>

TIMING-20#97 Warning
Non-clocked latch  
The latch lij_comb_wr_data_reg[81] cannot be properly analyzed as its control pin lij_comb_wr_data_reg[81]/G is not reached by a timing clock
Related violations: <none>

TIMING-20#98 Warning
Non-clocked latch  
The latch lij_comb_wr_data_reg[82] cannot be properly analyzed as its control pin lij_comb_wr_data_reg[82]/G is not reached by a timing clock
Related violations: <none>

TIMING-20#99 Warning
Non-clocked latch  
The latch lij_comb_wr_data_reg[83] cannot be properly analyzed as its control pin lij_comb_wr_data_reg[83]/G is not reached by a timing clock
Related violations: <none>

TIMING-20#100 Warning
Non-clocked latch  
The latch lij_comb_wr_data_reg[84] cannot be properly analyzed as its control pin lij_comb_wr_data_reg[84]/G is not reached by a timing clock
Related violations: <none>

TIMING-20#101 Warning
Non-clocked latch  
The latch lij_comb_wr_data_reg[85] cannot be properly analyzed as its control pin lij_comb_wr_data_reg[85]/G is not reached by a timing clock
Related violations: <none>

TIMING-20#102 Warning
Non-clocked latch  
The latch lij_comb_wr_data_reg[86] cannot be properly analyzed as its control pin lij_comb_wr_data_reg[86]/G is not reached by a timing clock
Related violations: <none>

TIMING-20#103 Warning
Non-clocked latch  
The latch lij_comb_wr_data_reg[87] cannot be properly analyzed as its control pin lij_comb_wr_data_reg[87]/G is not reached by a timing clock
Related violations: <none>

TIMING-20#104 Warning
Non-clocked latch  
The latch lij_comb_wr_data_reg[88] cannot be properly analyzed as its control pin lij_comb_wr_data_reg[88]/G is not reached by a timing clock
Related violations: <none>

TIMING-20#105 Warning
Non-clocked latch  
The latch lij_comb_wr_data_reg[89] cannot be properly analyzed as its control pin lij_comb_wr_data_reg[89]/G is not reached by a timing clock
Related violations: <none>

TIMING-20#106 Warning
Non-clocked latch  
The latch lij_comb_wr_data_reg[8] cannot be properly analyzed as its control pin lij_comb_wr_data_reg[8]/G is not reached by a timing clock
Related violations: <none>

TIMING-20#107 Warning
Non-clocked latch  
The latch lij_comb_wr_data_reg[90] cannot be properly analyzed as its control pin lij_comb_wr_data_reg[90]/G is not reached by a timing clock
Related violations: <none>

TIMING-20#108 Warning
Non-clocked latch  
The latch lij_comb_wr_data_reg[91] cannot be properly analyzed as its control pin lij_comb_wr_data_reg[91]/G is not reached by a timing clock
Related violations: <none>

TIMING-20#109 Warning
Non-clocked latch  
The latch lij_comb_wr_data_reg[92] cannot be properly analyzed as its control pin lij_comb_wr_data_reg[92]/G is not reached by a timing clock
Related violations: <none>

TIMING-20#110 Warning
Non-clocked latch  
The latch lij_comb_wr_data_reg[93] cannot be properly analyzed as its control pin lij_comb_wr_data_reg[93]/G is not reached by a timing clock
Related violations: <none>

TIMING-20#111 Warning
Non-clocked latch  
The latch lij_comb_wr_data_reg[94] cannot be properly analyzed as its control pin lij_comb_wr_data_reg[94]/G is not reached by a timing clock
Related violations: <none>

TIMING-20#112 Warning
Non-clocked latch  
The latch lij_comb_wr_data_reg[95] cannot be properly analyzed as its control pin lij_comb_wr_data_reg[95]/G is not reached by a timing clock
Related violations: <none>

TIMING-20#113 Warning
Non-clocked latch  
The latch lij_comb_wr_data_reg[9] cannot be properly analyzed as its control pin lij_comb_wr_data_reg[9]/G is not reached by a timing clock
Related violations: <none>

TIMING-20#114 Warning
Non-clocked latch  
The latch lji_comb_wr_data_v_reg[0] cannot be properly analyzed as its control pin lji_comb_wr_data_v_reg[0]/G is not reached by a timing clock
Related violations: <none>

TIMING-20#115 Warning
Non-clocked latch  
The latch lji_comb_wr_data_v_reg[10] cannot be properly analyzed as its control pin lji_comb_wr_data_v_reg[10]/G is not reached by a timing clock
Related violations: <none>

TIMING-20#116 Warning
Non-clocked latch  
The latch lji_comb_wr_data_v_reg[11] cannot be properly analyzed as its control pin lji_comb_wr_data_v_reg[11]/G is not reached by a timing clock
Related violations: <none>

TIMING-20#117 Warning
Non-clocked latch  
The latch lji_comb_wr_data_v_reg[12] cannot be properly analyzed as its control pin lji_comb_wr_data_v_reg[12]/G is not reached by a timing clock
Related violations: <none>

TIMING-20#118 Warning
Non-clocked latch  
The latch lji_comb_wr_data_v_reg[13] cannot be properly analyzed as its control pin lji_comb_wr_data_v_reg[13]/G is not reached by a timing clock
Related violations: <none>

TIMING-20#119 Warning
Non-clocked latch  
The latch lji_comb_wr_data_v_reg[14] cannot be properly analyzed as its control pin lji_comb_wr_data_v_reg[14]/G is not reached by a timing clock
Related violations: <none>

TIMING-20#120 Warning
Non-clocked latch  
The latch lji_comb_wr_data_v_reg[15] cannot be properly analyzed as its control pin lji_comb_wr_data_v_reg[15]/G is not reached by a timing clock
Related violations: <none>

TIMING-20#121 Warning
Non-clocked latch  
The latch lji_comb_wr_data_v_reg[16] cannot be properly analyzed as its control pin lji_comb_wr_data_v_reg[16]/G is not reached by a timing clock
Related violations: <none>

TIMING-20#122 Warning
Non-clocked latch  
The latch lji_comb_wr_data_v_reg[17] cannot be properly analyzed as its control pin lji_comb_wr_data_v_reg[17]/G is not reached by a timing clock
Related violations: <none>

TIMING-20#123 Warning
Non-clocked latch  
The latch lji_comb_wr_data_v_reg[18] cannot be properly analyzed as its control pin lji_comb_wr_data_v_reg[18]/G is not reached by a timing clock
Related violations: <none>

TIMING-20#124 Warning
Non-clocked latch  
The latch lji_comb_wr_data_v_reg[19] cannot be properly analyzed as its control pin lji_comb_wr_data_v_reg[19]/G is not reached by a timing clock
Related violations: <none>

TIMING-20#125 Warning
Non-clocked latch  
The latch lji_comb_wr_data_v_reg[1] cannot be properly analyzed as its control pin lji_comb_wr_data_v_reg[1]/G is not reached by a timing clock
Related violations: <none>

TIMING-20#126 Warning
Non-clocked latch  
The latch lji_comb_wr_data_v_reg[20] cannot be properly analyzed as its control pin lji_comb_wr_data_v_reg[20]/G is not reached by a timing clock
Related violations: <none>

TIMING-20#127 Warning
Non-clocked latch  
The latch lji_comb_wr_data_v_reg[21] cannot be properly analyzed as its control pin lji_comb_wr_data_v_reg[21]/G is not reached by a timing clock
Related violations: <none>

TIMING-20#128 Warning
Non-clocked latch  
The latch lji_comb_wr_data_v_reg[22] cannot be properly analyzed as its control pin lji_comb_wr_data_v_reg[22]/G is not reached by a timing clock
Related violations: <none>

TIMING-20#129 Warning
Non-clocked latch  
The latch lji_comb_wr_data_v_reg[23] cannot be properly analyzed as its control pin lji_comb_wr_data_v_reg[23]/G is not reached by a timing clock
Related violations: <none>

TIMING-20#130 Warning
Non-clocked latch  
The latch lji_comb_wr_data_v_reg[24] cannot be properly analyzed as its control pin lji_comb_wr_data_v_reg[24]/G is not reached by a timing clock
Related violations: <none>

TIMING-20#131 Warning
Non-clocked latch  
The latch lji_comb_wr_data_v_reg[25] cannot be properly analyzed as its control pin lji_comb_wr_data_v_reg[25]/G is not reached by a timing clock
Related violations: <none>

TIMING-20#132 Warning
Non-clocked latch  
The latch lji_comb_wr_data_v_reg[26] cannot be properly analyzed as its control pin lji_comb_wr_data_v_reg[26]/G is not reached by a timing clock
Related violations: <none>

TIMING-20#133 Warning
Non-clocked latch  
The latch lji_comb_wr_data_v_reg[27] cannot be properly analyzed as its control pin lji_comb_wr_data_v_reg[27]/G is not reached by a timing clock
Related violations: <none>

TIMING-20#134 Warning
Non-clocked latch  
The latch lji_comb_wr_data_v_reg[28] cannot be properly analyzed as its control pin lji_comb_wr_data_v_reg[28]/G is not reached by a timing clock
Related violations: <none>

TIMING-20#135 Warning
Non-clocked latch  
The latch lji_comb_wr_data_v_reg[29] cannot be properly analyzed as its control pin lji_comb_wr_data_v_reg[29]/G is not reached by a timing clock
Related violations: <none>

TIMING-20#136 Warning
Non-clocked latch  
The latch lji_comb_wr_data_v_reg[2] cannot be properly analyzed as its control pin lji_comb_wr_data_v_reg[2]/G is not reached by a timing clock
Related violations: <none>

TIMING-20#137 Warning
Non-clocked latch  
The latch lji_comb_wr_data_v_reg[30] cannot be properly analyzed as its control pin lji_comb_wr_data_v_reg[30]/G is not reached by a timing clock
Related violations: <none>

TIMING-20#138 Warning
Non-clocked latch  
The latch lji_comb_wr_data_v_reg[31] cannot be properly analyzed as its control pin lji_comb_wr_data_v_reg[31]/G is not reached by a timing clock
Related violations: <none>

TIMING-20#139 Warning
Non-clocked latch  
The latch lji_comb_wr_data_v_reg[32] cannot be properly analyzed as its control pin lji_comb_wr_data_v_reg[32]/G is not reached by a timing clock
Related violations: <none>

TIMING-20#140 Warning
Non-clocked latch  
The latch lji_comb_wr_data_v_reg[33] cannot be properly analyzed as its control pin lji_comb_wr_data_v_reg[33]/G is not reached by a timing clock
Related violations: <none>

TIMING-20#141 Warning
Non-clocked latch  
The latch lji_comb_wr_data_v_reg[34] cannot be properly analyzed as its control pin lji_comb_wr_data_v_reg[34]/G is not reached by a timing clock
Related violations: <none>

TIMING-20#142 Warning
Non-clocked latch  
The latch lji_comb_wr_data_v_reg[35] cannot be properly analyzed as its control pin lji_comb_wr_data_v_reg[35]/G is not reached by a timing clock
Related violations: <none>

TIMING-20#143 Warning
Non-clocked latch  
The latch lji_comb_wr_data_v_reg[36] cannot be properly analyzed as its control pin lji_comb_wr_data_v_reg[36]/G is not reached by a timing clock
Related violations: <none>

TIMING-20#144 Warning
Non-clocked latch  
The latch lji_comb_wr_data_v_reg[37] cannot be properly analyzed as its control pin lji_comb_wr_data_v_reg[37]/G is not reached by a timing clock
Related violations: <none>

TIMING-20#145 Warning
Non-clocked latch  
The latch lji_comb_wr_data_v_reg[38] cannot be properly analyzed as its control pin lji_comb_wr_data_v_reg[38]/G is not reached by a timing clock
Related violations: <none>

TIMING-20#146 Warning
Non-clocked latch  
The latch lji_comb_wr_data_v_reg[39] cannot be properly analyzed as its control pin lji_comb_wr_data_v_reg[39]/G is not reached by a timing clock
Related violations: <none>

TIMING-20#147 Warning
Non-clocked latch  
The latch lji_comb_wr_data_v_reg[3] cannot be properly analyzed as its control pin lji_comb_wr_data_v_reg[3]/G is not reached by a timing clock
Related violations: <none>

TIMING-20#148 Warning
Non-clocked latch  
The latch lji_comb_wr_data_v_reg[40] cannot be properly analyzed as its control pin lji_comb_wr_data_v_reg[40]/G is not reached by a timing clock
Related violations: <none>

TIMING-20#149 Warning
Non-clocked latch  
The latch lji_comb_wr_data_v_reg[41] cannot be properly analyzed as its control pin lji_comb_wr_data_v_reg[41]/G is not reached by a timing clock
Related violations: <none>

TIMING-20#150 Warning
Non-clocked latch  
The latch lji_comb_wr_data_v_reg[42] cannot be properly analyzed as its control pin lji_comb_wr_data_v_reg[42]/G is not reached by a timing clock
Related violations: <none>

TIMING-20#151 Warning
Non-clocked latch  
The latch lji_comb_wr_data_v_reg[43] cannot be properly analyzed as its control pin lji_comb_wr_data_v_reg[43]/G is not reached by a timing clock
Related violations: <none>

TIMING-20#152 Warning
Non-clocked latch  
The latch lji_comb_wr_data_v_reg[44] cannot be properly analyzed as its control pin lji_comb_wr_data_v_reg[44]/G is not reached by a timing clock
Related violations: <none>

TIMING-20#153 Warning
Non-clocked latch  
The latch lji_comb_wr_data_v_reg[45] cannot be properly analyzed as its control pin lji_comb_wr_data_v_reg[45]/G is not reached by a timing clock
Related violations: <none>

TIMING-20#154 Warning
Non-clocked latch  
The latch lji_comb_wr_data_v_reg[46] cannot be properly analyzed as its control pin lji_comb_wr_data_v_reg[46]/G is not reached by a timing clock
Related violations: <none>

TIMING-20#155 Warning
Non-clocked latch  
The latch lji_comb_wr_data_v_reg[47] cannot be properly analyzed as its control pin lji_comb_wr_data_v_reg[47]/G is not reached by a timing clock
Related violations: <none>

TIMING-20#156 Warning
Non-clocked latch  
The latch lji_comb_wr_data_v_reg[48] cannot be properly analyzed as its control pin lji_comb_wr_data_v_reg[48]/G is not reached by a timing clock
Related violations: <none>

TIMING-20#157 Warning
Non-clocked latch  
The latch lji_comb_wr_data_v_reg[49] cannot be properly analyzed as its control pin lji_comb_wr_data_v_reg[49]/G is not reached by a timing clock
Related violations: <none>

TIMING-20#158 Warning
Non-clocked latch  
The latch lji_comb_wr_data_v_reg[4] cannot be properly analyzed as its control pin lji_comb_wr_data_v_reg[4]/G is not reached by a timing clock
Related violations: <none>

TIMING-20#159 Warning
Non-clocked latch  
The latch lji_comb_wr_data_v_reg[50] cannot be properly analyzed as its control pin lji_comb_wr_data_v_reg[50]/G is not reached by a timing clock
Related violations: <none>

TIMING-20#160 Warning
Non-clocked latch  
The latch lji_comb_wr_data_v_reg[51] cannot be properly analyzed as its control pin lji_comb_wr_data_v_reg[51]/G is not reached by a timing clock
Related violations: <none>

TIMING-20#161 Warning
Non-clocked latch  
The latch lji_comb_wr_data_v_reg[52] cannot be properly analyzed as its control pin lji_comb_wr_data_v_reg[52]/G is not reached by a timing clock
Related violations: <none>

TIMING-20#162 Warning
Non-clocked latch  
The latch lji_comb_wr_data_v_reg[53] cannot be properly analyzed as its control pin lji_comb_wr_data_v_reg[53]/G is not reached by a timing clock
Related violations: <none>

TIMING-20#163 Warning
Non-clocked latch  
The latch lji_comb_wr_data_v_reg[54] cannot be properly analyzed as its control pin lji_comb_wr_data_v_reg[54]/G is not reached by a timing clock
Related violations: <none>

TIMING-20#164 Warning
Non-clocked latch  
The latch lji_comb_wr_data_v_reg[55] cannot be properly analyzed as its control pin lji_comb_wr_data_v_reg[55]/G is not reached by a timing clock
Related violations: <none>

TIMING-20#165 Warning
Non-clocked latch  
The latch lji_comb_wr_data_v_reg[56] cannot be properly analyzed as its control pin lji_comb_wr_data_v_reg[56]/G is not reached by a timing clock
Related violations: <none>

TIMING-20#166 Warning
Non-clocked latch  
The latch lji_comb_wr_data_v_reg[57] cannot be properly analyzed as its control pin lji_comb_wr_data_v_reg[57]/G is not reached by a timing clock
Related violations: <none>

TIMING-20#167 Warning
Non-clocked latch  
The latch lji_comb_wr_data_v_reg[58] cannot be properly analyzed as its control pin lji_comb_wr_data_v_reg[58]/G is not reached by a timing clock
Related violations: <none>

TIMING-20#168 Warning
Non-clocked latch  
The latch lji_comb_wr_data_v_reg[59] cannot be properly analyzed as its control pin lji_comb_wr_data_v_reg[59]/G is not reached by a timing clock
Related violations: <none>

TIMING-20#169 Warning
Non-clocked latch  
The latch lji_comb_wr_data_v_reg[5] cannot be properly analyzed as its control pin lji_comb_wr_data_v_reg[5]/G is not reached by a timing clock
Related violations: <none>

TIMING-20#170 Warning
Non-clocked latch  
The latch lji_comb_wr_data_v_reg[60] cannot be properly analyzed as its control pin lji_comb_wr_data_v_reg[60]/G is not reached by a timing clock
Related violations: <none>

TIMING-20#171 Warning
Non-clocked latch  
The latch lji_comb_wr_data_v_reg[61] cannot be properly analyzed as its control pin lji_comb_wr_data_v_reg[61]/G is not reached by a timing clock
Related violations: <none>

TIMING-20#172 Warning
Non-clocked latch  
The latch lji_comb_wr_data_v_reg[62] cannot be properly analyzed as its control pin lji_comb_wr_data_v_reg[62]/G is not reached by a timing clock
Related violations: <none>

TIMING-20#173 Warning
Non-clocked latch  
The latch lji_comb_wr_data_v_reg[63] cannot be properly analyzed as its control pin lji_comb_wr_data_v_reg[63]/G is not reached by a timing clock
Related violations: <none>

TIMING-20#174 Warning
Non-clocked latch  
The latch lji_comb_wr_data_v_reg[64] cannot be properly analyzed as its control pin lji_comb_wr_data_v_reg[64]/G is not reached by a timing clock
Related violations: <none>

TIMING-20#175 Warning
Non-clocked latch  
The latch lji_comb_wr_data_v_reg[65] cannot be properly analyzed as its control pin lji_comb_wr_data_v_reg[65]/G is not reached by a timing clock
Related violations: <none>

TIMING-20#176 Warning
Non-clocked latch  
The latch lji_comb_wr_data_v_reg[66] cannot be properly analyzed as its control pin lji_comb_wr_data_v_reg[66]/G is not reached by a timing clock
Related violations: <none>

TIMING-20#177 Warning
Non-clocked latch  
The latch lji_comb_wr_data_v_reg[67] cannot be properly analyzed as its control pin lji_comb_wr_data_v_reg[67]/G is not reached by a timing clock
Related violations: <none>

TIMING-20#178 Warning
Non-clocked latch  
The latch lji_comb_wr_data_v_reg[68] cannot be properly analyzed as its control pin lji_comb_wr_data_v_reg[68]/G is not reached by a timing clock
Related violations: <none>

TIMING-20#179 Warning
Non-clocked latch  
The latch lji_comb_wr_data_v_reg[69] cannot be properly analyzed as its control pin lji_comb_wr_data_v_reg[69]/G is not reached by a timing clock
Related violations: <none>

TIMING-20#180 Warning
Non-clocked latch  
The latch lji_comb_wr_data_v_reg[6] cannot be properly analyzed as its control pin lji_comb_wr_data_v_reg[6]/G is not reached by a timing clock
Related violations: <none>

TIMING-20#181 Warning
Non-clocked latch  
The latch lji_comb_wr_data_v_reg[70] cannot be properly analyzed as its control pin lji_comb_wr_data_v_reg[70]/G is not reached by a timing clock
Related violations: <none>

TIMING-20#182 Warning
Non-clocked latch  
The latch lji_comb_wr_data_v_reg[71] cannot be properly analyzed as its control pin lji_comb_wr_data_v_reg[71]/G is not reached by a timing clock
Related violations: <none>

TIMING-20#183 Warning
Non-clocked latch  
The latch lji_comb_wr_data_v_reg[72] cannot be properly analyzed as its control pin lji_comb_wr_data_v_reg[72]/G is not reached by a timing clock
Related violations: <none>

TIMING-20#184 Warning
Non-clocked latch  
The latch lji_comb_wr_data_v_reg[73] cannot be properly analyzed as its control pin lji_comb_wr_data_v_reg[73]/G is not reached by a timing clock
Related violations: <none>

TIMING-20#185 Warning
Non-clocked latch  
The latch lji_comb_wr_data_v_reg[74] cannot be properly analyzed as its control pin lji_comb_wr_data_v_reg[74]/G is not reached by a timing clock
Related violations: <none>

TIMING-20#186 Warning
Non-clocked latch  
The latch lji_comb_wr_data_v_reg[75] cannot be properly analyzed as its control pin lji_comb_wr_data_v_reg[75]/G is not reached by a timing clock
Related violations: <none>

TIMING-20#187 Warning
Non-clocked latch  
The latch lji_comb_wr_data_v_reg[76] cannot be properly analyzed as its control pin lji_comb_wr_data_v_reg[76]/G is not reached by a timing clock
Related violations: <none>

TIMING-20#188 Warning
Non-clocked latch  
The latch lji_comb_wr_data_v_reg[77] cannot be properly analyzed as its control pin lji_comb_wr_data_v_reg[77]/G is not reached by a timing clock
Related violations: <none>

TIMING-20#189 Warning
Non-clocked latch  
The latch lji_comb_wr_data_v_reg[78] cannot be properly analyzed as its control pin lji_comb_wr_data_v_reg[78]/G is not reached by a timing clock
Related violations: <none>

TIMING-20#190 Warning
Non-clocked latch  
The latch lji_comb_wr_data_v_reg[79] cannot be properly analyzed as its control pin lji_comb_wr_data_v_reg[79]/G is not reached by a timing clock
Related violations: <none>

TIMING-20#191 Warning
Non-clocked latch  
The latch lji_comb_wr_data_v_reg[7] cannot be properly analyzed as its control pin lji_comb_wr_data_v_reg[7]/G is not reached by a timing clock
Related violations: <none>

TIMING-20#192 Warning
Non-clocked latch  
The latch lji_comb_wr_data_v_reg[80] cannot be properly analyzed as its control pin lji_comb_wr_data_v_reg[80]/G is not reached by a timing clock
Related violations: <none>

TIMING-20#193 Warning
Non-clocked latch  
The latch lji_comb_wr_data_v_reg[81] cannot be properly analyzed as its control pin lji_comb_wr_data_v_reg[81]/G is not reached by a timing clock
Related violations: <none>

TIMING-20#194 Warning
Non-clocked latch  
The latch lji_comb_wr_data_v_reg[82] cannot be properly analyzed as its control pin lji_comb_wr_data_v_reg[82]/G is not reached by a timing clock
Related violations: <none>

TIMING-20#195 Warning
Non-clocked latch  
The latch lji_comb_wr_data_v_reg[83] cannot be properly analyzed as its control pin lji_comb_wr_data_v_reg[83]/G is not reached by a timing clock
Related violations: <none>

TIMING-20#196 Warning
Non-clocked latch  
The latch lji_comb_wr_data_v_reg[84] cannot be properly analyzed as its control pin lji_comb_wr_data_v_reg[84]/G is not reached by a timing clock
Related violations: <none>

TIMING-20#197 Warning
Non-clocked latch  
The latch lji_comb_wr_data_v_reg[85] cannot be properly analyzed as its control pin lji_comb_wr_data_v_reg[85]/G is not reached by a timing clock
Related violations: <none>

TIMING-20#198 Warning
Non-clocked latch  
The latch lji_comb_wr_data_v_reg[86] cannot be properly analyzed as its control pin lji_comb_wr_data_v_reg[86]/G is not reached by a timing clock
Related violations: <none>

TIMING-20#199 Warning
Non-clocked latch  
The latch lji_comb_wr_data_v_reg[87] cannot be properly analyzed as its control pin lji_comb_wr_data_v_reg[87]/G is not reached by a timing clock
Related violations: <none>

TIMING-20#200 Warning
Non-clocked latch  
The latch lji_comb_wr_data_v_reg[88] cannot be properly analyzed as its control pin lji_comb_wr_data_v_reg[88]/G is not reached by a timing clock
Related violations: <none>

TIMING-20#201 Warning
Non-clocked latch  
The latch lji_comb_wr_data_v_reg[89] cannot be properly analyzed as its control pin lji_comb_wr_data_v_reg[89]/G is not reached by a timing clock
Related violations: <none>

TIMING-20#202 Warning
Non-clocked latch  
The latch lji_comb_wr_data_v_reg[8] cannot be properly analyzed as its control pin lji_comb_wr_data_v_reg[8]/G is not reached by a timing clock
Related violations: <none>

TIMING-20#203 Warning
Non-clocked latch  
The latch lji_comb_wr_data_v_reg[90] cannot be properly analyzed as its control pin lji_comb_wr_data_v_reg[90]/G is not reached by a timing clock
Related violations: <none>

TIMING-20#204 Warning
Non-clocked latch  
The latch lji_comb_wr_data_v_reg[91] cannot be properly analyzed as its control pin lji_comb_wr_data_v_reg[91]/G is not reached by a timing clock
Related violations: <none>

TIMING-20#205 Warning
Non-clocked latch  
The latch lji_comb_wr_data_v_reg[92] cannot be properly analyzed as its control pin lji_comb_wr_data_v_reg[92]/G is not reached by a timing clock
Related violations: <none>

TIMING-20#206 Warning
Non-clocked latch  
The latch lji_comb_wr_data_v_reg[93] cannot be properly analyzed as its control pin lji_comb_wr_data_v_reg[93]/G is not reached by a timing clock
Related violations: <none>

TIMING-20#207 Warning
Non-clocked latch  
The latch lji_comb_wr_data_v_reg[94] cannot be properly analyzed as its control pin lji_comb_wr_data_v_reg[94]/G is not reached by a timing clock
Related violations: <none>

TIMING-20#208 Warning
Non-clocked latch  
The latch lji_comb_wr_data_v_reg[95] cannot be properly analyzed as its control pin lji_comb_wr_data_v_reg[95]/G is not reached by a timing clock
Related violations: <none>

TIMING-20#209 Warning
Non-clocked latch  
The latch lji_comb_wr_data_v_reg[9] cannot be properly analyzed as its control pin lji_comb_wr_data_v_reg[9]/G is not reached by a timing clock
Related violations: <none>

TIMING-20#210 Warning
Non-clocked latch  
The latch lji_read_data_reg[0] cannot be properly analyzed as its control pin lji_read_data_reg[0]/G is not reached by a timing clock
Related violations: <none>

TIMING-20#211 Warning
Non-clocked latch  
The latch lji_read_data_reg[10] cannot be properly analyzed as its control pin lji_read_data_reg[10]/G is not reached by a timing clock
Related violations: <none>

TIMING-20#212 Warning
Non-clocked latch  
The latch lji_read_data_reg[11] cannot be properly analyzed as its control pin lji_read_data_reg[11]/G is not reached by a timing clock
Related violations: <none>

TIMING-20#213 Warning
Non-clocked latch  
The latch lji_read_data_reg[12] cannot be properly analyzed as its control pin lji_read_data_reg[12]/G is not reached by a timing clock
Related violations: <none>

TIMING-20#214 Warning
Non-clocked latch  
The latch lji_read_data_reg[13] cannot be properly analyzed as its control pin lji_read_data_reg[13]/G is not reached by a timing clock
Related violations: <none>

TIMING-20#215 Warning
Non-clocked latch  
The latch lji_read_data_reg[14] cannot be properly analyzed as its control pin lji_read_data_reg[14]/G is not reached by a timing clock
Related violations: <none>

TIMING-20#216 Warning
Non-clocked latch  
The latch lji_read_data_reg[15] cannot be properly analyzed as its control pin lji_read_data_reg[15]/G is not reached by a timing clock
Related violations: <none>

TIMING-20#217 Warning
Non-clocked latch  
The latch lji_read_data_reg[1] cannot be properly analyzed as its control pin lji_read_data_reg[1]/G is not reached by a timing clock
Related violations: <none>

TIMING-20#218 Warning
Non-clocked latch  
The latch lji_read_data_reg[2] cannot be properly analyzed as its control pin lji_read_data_reg[2]/G is not reached by a timing clock
Related violations: <none>

TIMING-20#219 Warning
Non-clocked latch  
The latch lji_read_data_reg[3] cannot be properly analyzed as its control pin lji_read_data_reg[3]/G is not reached by a timing clock
Related violations: <none>

TIMING-20#220 Warning
Non-clocked latch  
The latch lji_read_data_reg[4] cannot be properly analyzed as its control pin lji_read_data_reg[4]/G is not reached by a timing clock
Related violations: <none>

TIMING-20#221 Warning
Non-clocked latch  
The latch lji_read_data_reg[5] cannot be properly analyzed as its control pin lji_read_data_reg[5]/G is not reached by a timing clock
Related violations: <none>

TIMING-20#222 Warning
Non-clocked latch  
The latch lji_read_data_reg[6] cannot be properly analyzed as its control pin lji_read_data_reg[6]/G is not reached by a timing clock
Related violations: <none>

TIMING-20#223 Warning
Non-clocked latch  
The latch lji_read_data_reg[7] cannot be properly analyzed as its control pin lji_read_data_reg[7]/G is not reached by a timing clock
Related violations: <none>

TIMING-20#224 Warning
Non-clocked latch  
The latch lji_read_data_reg[8] cannot be properly analyzed as its control pin lji_read_data_reg[8]/G is not reached by a timing clock
Related violations: <none>

TIMING-20#225 Warning
Non-clocked latch  
The latch lji_read_data_reg[9] cannot be properly analyzed as its control pin lji_read_data_reg[9]/G is not reached by a timing clock
Related violations: <none>

TIMING-20#226 Warning
Non-clocked latch  
The latch tot_done_latch_reg cannot be properly analyzed as its control pin tot_done_latch_reg/G is not reached by a timing clock
Related violations: <none>

TIMING-20#227 Warning
Non-clocked latch  
The latch vn_done_latch_reg cannot be properly analyzed as its control pin vn_done_latch_reg/G is not reached by a timing clock
Related violations: <none>

ULMTCS-2#1 Warning
Control Sets use limits require reduction  
This design uses 2690 control sets (vs. available limit of 13300, determined by 1 control set per CLB). This exceeds the control set use guideline of 15 percent. This is at a level where reduction is REQUIRED (see UG949). Use report_control_sets to get more details.
Related violations: <none>

LATCH-1#1 Advisory
Existing latches in the design  
There are 227 latches found in the design. Inferred latches are often the result of HDL coding mistakes, such as incomplete if or case statements.
Related violations: <none>


